<?xml version="1.0" encoding="UTF-8"?>
<!-- Generated by org.testng.reporters.JUnitXMLReporter -->
<testsuite ignored="0" hostname="LAPTOP-24L2M6UK" failures="0" tests="5" name="Default test" time="46.045" errors="0" timestamp="2021-09-02T20:02:41 IST">
  <testcase classname="com.OrangeHRM.testcases.Logintest" name="dologin" time="28.122"/>
  <testcase classname="com.OrangeHRM.testcases.Logintest" name="dologin" time="17.053"/>
  <testcase classname="com.OrangeHRM.testcases.Logintest" name="dologin" time="0.016">
    <skipped/>
  </testcase> <!-- dologin -->
  <testcase classname="com.OrangeHRM.testcases.Logintest" name="dologin" time="0.006">
    <skipped/>
  </testcase> <!-- dologin -->
  <testcase classname="com.OrangeHRM.testcases.Logintest" name="dologin" time="0.001">
    <skipped/>
  </testcase> <!-- dologin -->
</testsuite> <!-- Default test -->
